Using pre-set license
Built from '2020.3/release' branch; Version is '2020.3.27f1 (e759542391ea) revision 15161684'; Using compiler version '192528614'; Build Type 'Release'
OS: 'Windows 10  (10.0.19043) 64bit Professional' Language: 'ko' Physical Memory: 16336 MB
BatchMode: 1, IsHumanControllingUs: 0, StartBugReporterOnCrash: 0, Is64bit: 1, IsPro: 0

COMMAND LINE ARGUMENTS:
E:\Program Files (x86)\Unity\2020.3.27f1\Editor\Unity.exe
-adb2
-batchMode
-noUpm
-name
AssetImportWorker0
-projectPath
E:/gitgit/Button_Action_Hero/ButtonActionHero
-logFile
Logs/AssetImportWorker0.log
-srvPort
64637
Successfully changed project path to: E:/gitgit/Button_Action_Hero/ButtonActionHero
E:/gitgit/Button_Action_Hero/ButtonActionHero
Using Asset Import Pipeline V2.
Refreshing native plugins compatible for Editor in 47.90 ms, found 3 plugins.
Preloading 0 native plugins for Editor in 0.00 ms.
Initialize engine version: 2020.3.27f1 (e759542391ea)
[Subsystems] Discovering subsystems at path E:/Program Files (x86)/Unity/2020.3.27f1/Editor/Data/Resources/UnitySubsystems
[Subsystems] Discovering subsystems at path E:/gitgit/Button_Action_Hero/ButtonActionHero/Assets
GfxDevice: creating device client; threaded=0
Direct3D:
    Version:  Direct3D 11.0 [level 11.1]
    Renderer: NVIDIA GeForce GTX 1060 3GB (ID=0x1c02)
    Vendor:   
    VRAM:     2988 MB
    Driver:   30.0.14.7196
Initialize mono
Mono path[0] = 'E:/Program Files (x86)/Unity/2020.3.27f1/Editor/Data/Managed'
Mono path[1] = 'E:/Program Files (x86)/Unity/2020.3.27f1/Editor/Data/MonoBleedingEdge/lib/mono/unityjit'
Mono config path = 'E:/Program Files (x86)/Unity/2020.3.27f1/Editor/Data/MonoBleedingEdge/etc'
Using monoOptions --debugger-agent=transport=dt_socket,embedding=1,server=y,suspend=n,address=127.0.0.1:56852
Begin MonoManager ReloadAssembly
Registering precompiled unity dll's ...
Register platform support module: E:/Program Files (x86)/Unity/2020.3.27f1/Editor/Data/PlaybackEngines/WindowsStandaloneSupport/UnityEditor.WindowsStandalone.Extensions.dll
Registered in 0.001702 seconds.
Native extension for WindowsStandalone target not found
Refreshing native plugins compatible for Editor in 46.77 ms, found 3 plugins.
Preloading 0 native plugins for Editor in 0.00 ms.
Mono: successfully reloaded assembly
- Completed reload, in  0.587 seconds
Domain Reload Profiling:
	ReloadAssembly (587ms)
		BeginReloadAssembly (81ms)
			ExecutionOrderSort (0ms)
			DisableScriptedObjects (0ms)
			BackupInstance (0ms)
			ReleaseScriptingObjects (0ms)
			CreateAndSetChildDomain (1ms)
		EndReloadAssembly (441ms)
			LoadAssemblies (80ms)
			RebuildTransferFunctionScriptingTraits (0ms)
			SetupTypeCache (143ms)
			ReleaseScriptCaches (0ms)
			RebuildScriptCaches (29ms)
			SetupLoadedEditorAssemblies (173ms)
				LogAssemblyErrors (0ms)
				InitializePlatformSupportModulesInManaged (4ms)
				SetLoadedEditorAssemblies (0ms)
				RefreshPlugins (47ms)
				BeforeProcessingInitializeOnLoad (16ms)
				ProcessInitializeOnLoadAttributes (76ms)
				ProcessInitializeOnLoadMethodAttributes (29ms)
				AfterProcessingInitializeOnLoad (0ms)
				EditorAssembliesLoaded (0ms)
			ExecutionOrderSort2 (0ms)
			AwakeInstancesAfterBackupRestoration (0ms)
Platform modules already initialized, skipping
Registering precompiled user dll's ...
Registered in 0.006196 seconds.
Begin MonoManager ReloadAssembly
Native extension for WindowsStandalone target not found
Refreshing native plugins compatible for Editor in 44.71 ms, found 3 plugins.
Preloading 0 native plugins for Editor in 0.00 ms.
Mono: successfully reloaded assembly
- Completed reload, in  1.129 seconds
Domain Reload Profiling:
	ReloadAssembly (1130ms)
		BeginReloadAssembly (181ms)
			ExecutionOrderSort (0ms)
			DisableScriptedObjects (5ms)
			BackupInstance (0ms)
			ReleaseScriptingObjects (0ms)
			CreateAndSetChildDomain (21ms)
		EndReloadAssembly (891ms)
			LoadAssemblies (136ms)
			RebuildTransferFunctionScriptingTraits (0ms)
			SetupTypeCache (290ms)
			ReleaseScriptCaches (0ms)
			RebuildScriptCaches (46ms)
			SetupLoadedEditorAssemblies (332ms)
				LogAssemblyErrors (0ms)
				InitializePlatformSupportModulesInManaged (3ms)
				SetLoadedEditorAssemblies (0ms)
				RefreshPlugins (45ms)
				BeforeProcessingInitializeOnLoad (79ms)
				ProcessInitializeOnLoadAttributes (185ms)
				ProcessInitializeOnLoadMethodAttributes (16ms)
				AfterProcessingInitializeOnLoad (3ms)
				EditorAssembliesLoaded (0ms)
			ExecutionOrderSort2 (0ms)
			AwakeInstancesAfterBackupRestoration (7ms)
Platform modules already initialized, skipping
========================================================================
Worker process is ready to serve import requests
Launched and connected shader compiler UnityShaderCompiler.exe after 0.10 seconds
Refreshing native plugins compatible for Editor in 0.47 ms, found 3 plugins.
Preloading 0 native plugins for Editor in 0.00 ms.
Unloading 2198 Unused Serialized files (Serialized files now loaded: 0)
System memory in use before: 98.7 MB.
System memory in use after: 98.6 MB.

Unloading 34 unused Assets to reduce memory usage. Loaded Objects now: 2627.
Total: 3.304700 ms (FindLiveObjects: 0.344100 ms CreateObjectMapping: 0.229700 ms MarkObjects: 2.561800 ms  DeleteObjects: 0.168000 ms)

AssetImportParameters requested are different than current active one (requested -> active):
  custom:framework-win-MediaFoundation: 216162199b28c13a410421893ffa2e32 -> 
  custom:video-decoder-ogg-theora: a1e56fd34408186e4bbccfd4996cb3dc -> 
  custom:container-muxer-webm: aa71ff27fc2769a1b78a27578f13a17b -> 
  custom:container-demuxer-webm: 4f35f7cbe854078d1ac9338744f61a02 -> 
  custom:container-demuxer-ogg: 62fdf1f143b41e24485cea50d1cbac27 -> 
  custom:video-encoder-webm-vp8: eb34c28f22e8b96e1ab97ce403110664 -> 
  custom:video-decoder-webm-vp8: 9c59270c3fd7afecdb556c50c9e8de78 -> 
  custom:audio-decoder-ogg-vorbis: bf7c407c2cedff20999df2af8eb42d56 -> 
  custom:audio-encoder-webm-vorbis: bf7c407c2cedff20999df2af8eb42d56 -> 
========================================================================
Received Import Request.
  path: Assets/Pixel Monster Pack/64x64 monsters/ooze-red.png
  artifactKey: Guid(d74318faccd3cfd4792a285e705fc5c5) Importer(815301076,1909f56bfc062723c751e8b465ee728b)
Start importing Assets/Pixel Monster Pack/64x64 monsters/ooze-red.png using Guid(d74318faccd3cfd4792a285e705fc5c5) Importer(815301076,1909f56bfc062723c751e8b465ee728b)  -> (artifact id: 'e32e5cb5f2b1ba80ecc1950a99937bb2') in 0.124888 seconds 
  Import took 0.128305 seconds .

========================================================================
Received Import Request.
  Time since last request: 0.000401 seconds.
  path: Assets/Pixel Monster Pack/64x64 monsters/rat-green.png
  artifactKey: Guid(55ab31a54d1fea340a28b6c418797b5c) Importer(815301076,1909f56bfc062723c751e8b465ee728b)
Start importing Assets/Pixel Monster Pack/64x64 monsters/rat-green.png using Guid(55ab31a54d1fea340a28b6c418797b5c) Importer(815301076,1909f56bfc062723c751e8b465ee728b)  -> (artifact id: 'be935bf698a6946e67d090eeebe7ab63') in 0.022949 seconds 
  Import took 0.028474 seconds .

========================================================================
Received Import Request.
  Time since last request: 0.000336 seconds.
  path: Assets/Pixel Monster Pack/64x64 monsters/rat-white.png
  artifactKey: Guid(000a4aa702ce2704f97ce3b87c562868) Importer(815301076,1909f56bfc062723c751e8b465ee728b)
Start importing Assets/Pixel Monster Pack/64x64 monsters/rat-white.png using Guid(000a4aa702ce2704f97ce3b87c562868) Importer(815301076,1909f56bfc062723c751e8b465ee728b)  -> (artifact id: '6f6b2245cf81d68c0f0b08c5859d074c') in 0.021990 seconds 
  Import took 0.025255 seconds .

========================================================================
Received Import Request.
  Time since last request: 0.000296 seconds.
  path: Assets/Pixel Monster Pack/64x64 monsters/scorpion-black.png
  artifactKey: Guid(75dcab0e768764b4e8208cbdcd504098) Importer(815301076,1909f56bfc062723c751e8b465ee728b)
Start importing Assets/Pixel Monster Pack/64x64 monsters/scorpion-black.png using Guid(75dcab0e768764b4e8208cbdcd504098) Importer(815301076,1909f56bfc062723c751e8b465ee728b)  -> (artifact id: '3fa8dac058d89026bb36d56b4f34f6f6') in 0.022779 seconds 
  Import took 0.027647 seconds .

========================================================================
Received Import Request.
  Time since last request: 0.000333 seconds.
  path: Assets/Pixel Monster Pack/64x64 monsters/scorpion-green.png
  artifactKey: Guid(6eee14efc86b92448b928071dded0809) Importer(815301076,1909f56bfc062723c751e8b465ee728b)
Start importing Assets/Pixel Monster Pack/64x64 monsters/scorpion-green.png using Guid(6eee14efc86b92448b928071dded0809) Importer(815301076,1909f56bfc062723c751e8b465ee728b)  -> (artifact id: 'f35135596a5c28591640a8a48215a4f2') in 0.019957 seconds 
  Import took 0.023758 seconds .

========================================================================
Received Import Request.
  Time since last request: 0.000308 seconds.
  path: Assets/Pixel Monster Pack/64x64 monsters/ooze-blue.png
  artifactKey: Guid(f9a60b90a6c0d6a4f86694a503171704) Importer(815301076,1909f56bfc062723c751e8b465ee728b)
Start importing Assets/Pixel Monster Pack/64x64 monsters/ooze-blue.png using Guid(f9a60b90a6c0d6a4f86694a503171704) Importer(815301076,1909f56bfc062723c751e8b465ee728b)  -> (artifact id: 'da4d9582ddf353b8402a9fa160517010') in 0.018620 seconds 
  Import took 0.022136 seconds .

========================================================================
Received Import Request.
  Time since last request: 0.000237 seconds.
  path: Assets/Pixel Monster Pack/64x64 monsters/rat-brown.png
  artifactKey: Guid(f2aeeb2642ebe5f43af54de7c94996a4) Importer(815301076,1909f56bfc062723c751e8b465ee728b)
Start importing Assets/Pixel Monster Pack/64x64 monsters/rat-brown.png using Guid(f2aeeb2642ebe5f43af54de7c94996a4) Importer(815301076,1909f56bfc062723c751e8b465ee728b)  -> (artifact id: '7eca367d02d63ba32df86a0f3f43f0ed') in 0.015982 seconds 
  Import took 0.019255 seconds .

========================================================================
Received Import Request.
  Time since last request: 0.000218 seconds.
  path: Assets/Pixel Monster Pack/64x64 monsters/ooze-green.png
  artifactKey: Guid(d280dad0830093142b2013dcfee178a7) Importer(815301076,1909f56bfc062723c751e8b465ee728b)
Start importing Assets/Pixel Monster Pack/64x64 monsters/ooze-green.png using Guid(d280dad0830093142b2013dcfee178a7) Importer(815301076,1909f56bfc062723c751e8b465ee728b)  -> (artifact id: '68dda075f891e335ce045fad7ff15ed7') in 0.016232 seconds 
  Import took 0.019400 seconds .

========================================================================
Received Import Request.
  Time since last request: 0.000230 seconds.
  path: Assets/Pixel Monster Pack/64x64 monsters/scorpion-blue.png
  artifactKey: Guid(8cfe2b134042722439e98fea88d5e98f) Importer(815301076,1909f56bfc062723c751e8b465ee728b)
Start importing Assets/Pixel Monster Pack/64x64 monsters/scorpion-blue.png using Guid(8cfe2b134042722439e98fea88d5e98f) Importer(815301076,1909f56bfc062723c751e8b465ee728b)  -> (artifact id: 'e1d7006a557463e2c84df2947eb4594b') in 0.015493 seconds 
  Import took 0.018936 seconds .

========================================================================
Received Import Request.
  Time since last request: 0.000229 seconds.
  path: Assets/Pixel Monster Pack/64x64 monsters/rat-black.png
  artifactKey: Guid(b46b12ff290649c4aa428bce9c66cfbe) Importer(815301076,1909f56bfc062723c751e8b465ee728b)
Start importing Assets/Pixel Monster Pack/64x64 monsters/rat-black.png using Guid(b46b12ff290649c4aa428bce9c66cfbe) Importer(815301076,1909f56bfc062723c751e8b465ee728b)  -> (artifact id: 'a87bfcff678d6b5e21dfc623f6e2eeec') in 0.017803 seconds 
  Import took 0.021320 seconds .

========================================================================
Received Import Request.
  Time since last request: 30.247863 seconds.
  path: Assets/Pixel Monster Pack/64x64 monsters/scorpion-white.png
  artifactKey: Guid(3408ca7ca5a2e4e43ad819170cdff141) Importer(815301076,1909f56bfc062723c751e8b465ee728b)
Start importing Assets/Pixel Monster Pack/64x64 monsters/scorpion-white.png using Guid(3408ca7ca5a2e4e43ad819170cdff141) Importer(815301076,1909f56bfc062723c751e8b465ee728b)  -> (artifact id: '89f8f79df899a853ccffd5a7a4c0e99d') in 0.022812 seconds 
  Import took 0.030080 seconds .

========================================================================
Received Import Request.
  Time since last request: 0.000442 seconds.
  path: Assets/Pixel Monster Pack/64x64 monsters/skull-blue.png
  artifactKey: Guid(965bd1a490538104f8b9adf54c9abd19) Importer(815301076,1909f56bfc062723c751e8b465ee728b)
Start importing Assets/Pixel Monster Pack/64x64 monsters/skull-blue.png using Guid(965bd1a490538104f8b9adf54c9abd19) Importer(815301076,1909f56bfc062723c751e8b465ee728b)  -> (artifact id: '8dbadc1107dff17900a68dc6600687d5') in 0.021301 seconds 
  Import took 0.026146 seconds .

========================================================================
Received Import Request.
  Time since last request: 0.000376 seconds.
  path: Assets/Pixel Monster Pack/64x64 monsters/skull-red.png
  artifactKey: Guid(1d98195b762487443b91f80c6b3dce0c) Importer(815301076,1909f56bfc062723c751e8b465ee728b)
Start importing Assets/Pixel Monster Pack/64x64 monsters/skull-red.png using Guid(1d98195b762487443b91f80c6b3dce0c) Importer(815301076,1909f56bfc062723c751e8b465ee728b)  -> (artifact id: '23d714c054d0bff228e44fedca861a9a') in 0.026100 seconds 
  Import took 0.030205 seconds .

========================================================================
Received Import Request.
  Time since last request: 0.000359 seconds.
  path: Assets/Pixel Monster Pack/64x64 monsters/skull-green.png
  artifactKey: Guid(c50502eaf434eca458b44aac45e8e65c) Importer(815301076,1909f56bfc062723c751e8b465ee728b)
Start importing Assets/Pixel Monster Pack/64x64 monsters/skull-green.png using Guid(c50502eaf434eca458b44aac45e8e65c) Importer(815301076,1909f56bfc062723c751e8b465ee728b)  -> (artifact id: '54493d52b9e3992b343b7bfcf6d24088') in 0.019231 seconds 
  Import took 0.024113 seconds .

========================================================================
Received Import Request.
  Time since last request: 0.000282 seconds.
  path: Assets/Pixel Monster Pack/64x64 monsters/slime-green.png
  artifactKey: Guid(105ca764c4bfc9545ba8884287aa4ed8) Importer(815301076,1909f56bfc062723c751e8b465ee728b)
Start importing Assets/Pixel Monster Pack/64x64 monsters/slime-green.png using Guid(105ca764c4bfc9545ba8884287aa4ed8) Importer(815301076,1909f56bfc062723c751e8b465ee728b)  -> (artifact id: 'e5ac33722b27592eda8731b073428609') in 0.018961 seconds 
  Import took 0.023275 seconds .

========================================================================
Received Import Request.
  Time since last request: 0.000218 seconds.
  path: Assets/Pixel Monster Pack/64x64 monsters/slime-black.png
  artifactKey: Guid(a4ec39b1a4fcbee4daa01335aec8ef31) Importer(815301076,1909f56bfc062723c751e8b465ee728b)
Start importing Assets/Pixel Monster Pack/64x64 monsters/slime-black.png using Guid(a4ec39b1a4fcbee4daa01335aec8ef31) Importer(815301076,1909f56bfc062723c751e8b465ee728b)  -> (artifact id: 'd61e6ffee95121196e0a1d99b79d5490') in 0.022591 seconds 
  Import took 0.025764 seconds .

========================================================================
Received Import Request.
  Time since last request: 0.000226 seconds.
  path: Assets/Pixel Monster Pack/64x64 monsters/skull-violet.png
  artifactKey: Guid(b4bd359efc2ea1e4d8398e83ff36173e) Importer(815301076,1909f56bfc062723c751e8b465ee728b)
Start importing Assets/Pixel Monster Pack/64x64 monsters/skull-violet.png using Guid(b4bd359efc2ea1e4d8398e83ff36173e) Importer(815301076,1909f56bfc062723c751e8b465ee728b)  -> (artifact id: 'b5fa7193cf5a02d6afe9097e7144906a') in 0.017921 seconds 
  Import took 0.021292 seconds .

========================================================================
Received Import Request.
  Time since last request: 0.000288 seconds.
  path: Assets/Pixel Monster Pack/64x64 monsters/slime-blue.png
  artifactKey: Guid(d5353d44d082e9048bf757667d3cecab) Importer(815301076,1909f56bfc062723c751e8b465ee728b)
Start importing Assets/Pixel Monster Pack/64x64 monsters/slime-blue.png using Guid(d5353d44d082e9048bf757667d3cecab) Importer(815301076,1909f56bfc062723c751e8b465ee728b)  -> (artifact id: '57f506efff04c62ca0d7f868c875569a') in 0.017509 seconds 
  Import took 0.021309 seconds .

========================================================================
Received Import Request.
  Time since last request: 1412.328507 seconds.
  path: Assets/Scripts/Qt_Event.cs
  artifactKey: Guid(6bc78318ab97f4640a9bc65dda142e6c) Importer(815301076,1909f56bfc062723c751e8b465ee728b)
Start importing Assets/Scripts/Qt_Event.cs using Guid(6bc78318ab97f4640a9bc65dda142e6c) Importer(815301076,1909f56bfc062723c751e8b465ee728b)  -> (artifact id: 'd5c542dd459966cbce86c300f5d2354c') in 0.025326 seconds 
  Import took 0.030869 seconds .

========================================================================
Received Prepare
Registering precompiled user dll's ...
Registered in 0.005565 seconds.
Begin MonoManager ReloadAssembly
Native extension for WindowsStandalone target not found
Refreshing native plugins compatible for Editor in 0.98 ms, found 3 plugins.
Preloading 0 native plugins for Editor in 0.00 ms.
Mono: successfully reloaded assembly
- Completed reload, in  1.005 seconds
Domain Reload Profiling:
	ReloadAssembly (1006ms)
		BeginReloadAssembly (143ms)
			ExecutionOrderSort (0ms)
			DisableScriptedObjects (7ms)
			BackupInstance (0ms)
			ReleaseScriptingObjects (0ms)
			CreateAndSetChildDomain (38ms)
		EndReloadAssembly (809ms)
			LoadAssemblies (133ms)
			RebuildTransferFunctionScriptingTraits (0ms)
			SetupTypeCache (284ms)
			ReleaseScriptCaches (1ms)
			RebuildScriptCaches (40ms)
			SetupLoadedEditorAssemblies (291ms)
				LogAssemblyErrors (0ms)
				InitializePlatformSupportModulesInManaged (4ms)
				SetLoadedEditorAssemblies (0ms)
				RefreshPlugins (1ms)
				BeforeProcessingInitializeOnLoad (78ms)
				ProcessInitializeOnLoadAttributes (190ms)
				ProcessInitializeOnLoadMethodAttributes (13ms)
				AfterProcessingInitializeOnLoad (4ms)
				EditorAssembliesLoaded (0ms)
			ExecutionOrderSort2 (0ms)
			AwakeInstancesAfterBackupRestoration (9ms)
Platform modules already initialized, skipping
Refreshing native plugins compatible for Editor in 0.57 ms, found 3 plugins.
Preloading 0 native plugins for Editor in 0.00 ms.
Unloading 2194 Unused Serialized files (Serialized files now loaded: 0)
System memory in use before: 101.6 MB.
System memory in use after: 101.6 MB.

Unloading 23 unused Assets to reduce memory usage. Loaded Objects now: 2636.
Total: 3.092100 ms (FindLiveObjects: 0.218500 ms CreateObjectMapping: 0.093200 ms MarkObjects: 2.644700 ms  DeleteObjects: 0.134900 ms)

AssetImportParameters requested are different than current active one (requested -> active):
  custom:framework-win-MediaFoundation: 216162199b28c13a410421893ffa2e32 -> 
  custom:video-decoder-ogg-theora: a1e56fd34408186e4bbccfd4996cb3dc -> 
  custom:container-muxer-webm: aa71ff27fc2769a1b78a27578f13a17b -> 
  custom:container-demuxer-webm: 4f35f7cbe854078d1ac9338744f61a02 -> 
  custom:container-demuxer-ogg: 62fdf1f143b41e24485cea50d1cbac27 -> 
  custom:video-encoder-webm-vp8: eb34c28f22e8b96e1ab97ce403110664 -> 
  custom:video-decoder-webm-vp8: 9c59270c3fd7afecdb556c50c9e8de78 -> 
  custom:audio-decoder-ogg-vorbis: bf7c407c2cedff20999df2af8eb42d56 -> 
  custom:audio-encoder-webm-vorbis: bf7c407c2cedff20999df2af8eb42d56 -> 
AssetImportWorkerClient::OnTransportError - code=2 error=End of file
